Diagnose log at 2026-01-06T20:22:26Z

Executable: C:\Program Files\Git\mingw64\bin\git-credential-manager-core.exe
Version: 2.0.785+6074e4e3d3

------------
Diagnostic: Environment
Skipped: False
Success: True
Exception: None
Log:
OSType: Windows
OSVersion: 10.0 (build 26100)
Reading environment variables... OK
 Variables:
HOMEPATH=\Users\sulag
DriverData=C:\Windows\System32\Drivers\DriverData
COMPUTERNAME=LAPTOP-U6HB2CPR
CommonProgramFiles(x86)=C:\Program Files (x86)\Common Files
EFC_14760_1592913036=1
OneDrive=C:\Users\sulag\OneDrive
EFC_14760_1262719628=1
SESSIONNAME=Console
TMP=C:\Users\sulag\AppData\Local\Temp
PROCESSOR_REVISION=6001
PATHEXT=.COM;.EXE;.BAT;.CMD;.VBS;.VBE;.JS;.JSE;.WSF;.WSH;.MSC
_OLD_VIRTUAL_PATH=C:\Program Files\Common Files\Oracle\Java\javapath;C:\oraclexe\app\oracle\product\10.2.0\server\bin;C:\WINDOWS\system32;C:\WINDOWS;C:\WINDOWS\System32\Wbem;C:\WINDOWS\System32\WindowsPowerShell\v1.0\;C:\WINDOWS\System32\OpenSSH\;C:\Program Files\MySQL\MySQL Server 8.0\bin;C:\Program Files\Git\cmd;C:\Program Files\nodejs\;C:\Program Files\Java\jdk-17\bin;C:\Users\sulag\apache-maven-3.9.9\bin;C:\Program Files\Amazon\AWSCLIV2\;C:\Program Files\MySQL\MySQL Shell 8.0\bin\;C:\Users\sulag\AppData\Local\Programs\Python\Python39\Scripts\;C:\Users\sulag\AppData\Local\Programs\Python\Python39\;C:\Users\sulag\AppData\Local\Microsoft\WindowsApps;C:\Users\sulag\AppData\Local\Programs\Microsoft VS Code\bin;C:\sqlite3;C:\Program Files\Java\jdk-17\bin;C:\Users\sulag\AppData\Roaming\npm;
GIT_EXEC_PATH=C:/Program Files/Git/mingw64/libexec/git-core
TEMP=C:\Users\sulag\AppData\Local\Temp
LOCALAPPDATA=C:\Users\sulag\AppData\Local
MSYSTEM=MINGW64
ANDROID_HOME=C:\Users\sulag\AppData\Local\Android\Sdk
ProgramData=C:\ProgramData
JAVA_HOME=C:\Program Files\Java\jdk-17
USERDOMAIN=LAPTOP-U6HB2CPR
Path=C:/Program Files/Git/mingw64/libexec/git-core;C:\Program Files\Git\mingw64\bin;C:\Program Files\Git\usr\bin;C:\Users\sulag\bin;C:\Users\sulag\memory-book\backend\venv\Scripts;C:\Program Files\Common Files\Oracle\Java\javapath;C:\oraclexe\app\oracle\product\10.2.0\server\bin;C:\WINDOWS\system32;C:\WINDOWS;C:\WINDOWS\System32\Wbem;C:\WINDOWS\System32\WindowsPowerShell\v1.0\;C:\WINDOWS\System32\OpenSSH\;C:\Program Files\MySQL\MySQL Server 8.0\bin;C:\Program Files\Git\cmd;C:\Program Files\nodejs\;C:\Program Files\Java\jdk-17\bin;C:\Users\sulag\apache-maven-3.9.9\bin;C:\Program Files\Amazon\AWSCLIV2\;C:\Program Files\MySQL\MySQL Shell 8.0\bin\;C:\Users\sulag\AppData\Local\Programs\Python\Python39\Scripts\;C:\Users\sulag\AppData\Local\Programs\Python\Python39\;C:\Users\sulag\AppData\Local\Microsoft\WindowsApps;C:\Users\sulag\AppData\Local\Programs\Microsoft VS Code\bin;C:\sqlite3;C:\Program Files\Java\jdk-17\bin;C:\Users\sulag\AppData\Roaming\npm;
_OLD_VIRTUAL_PROMPT=$P$G
EFC_14760_2283032206=1
PROCESSOR_LEVEL=23
PROCESSOR_IDENTIFIER=AMD64 Family 23 Model 96 Stepping 1, AuthenticAMD
TMPDIR=C:\Users\sulag\AppData\Local\Temp
PROMPT=(venv) $P$G
EFC_14760_3789132940=1
ProgramFiles(x86)=C:\Program Files (x86)
PUBLIC=C:\Users\Public
NUMBER_OF_PROCESSORS=8
FPS_BROWSER_USER_PROFILE_STRING=Default
CommonProgramFiles=C:\Program Files (x86)\Common Files
VIRTUAL_ENV=C:\Users\sulag\memory-book\backend\venv
TERM=xterm-256color
PLINK_PROTOCOL=ssh
COLORTERM=truecolor
ProgramW6432=C:\Program Files
ProgramFiles=C:\Program Files (x86)
EFC_14760_2775293581=1
HOME=C:\Users\sulag
LC_CTYPE=C.UTF-8
CommonProgramW6432=C:\Program Files\Common Files
LOGONSERVER=\\LAPTOP-U6HB2CPR
USERPROFILE=C:\Users\sulag
SystemRoot=C:\WINDOWS
USERDOMAIN_ROAMINGPROFILE=LAPTOP-U6HB2CPR
APPDATA=C:\Users\sulag\AppData\Roaming
HOMEDRIVE=C:
MAVEN_HOME=C:\Users\sulag\apache-maven-3.9.9
PSModulePath=C:\Program Files\WindowsPowerShell\Modules;C:\WINDOWS\system32\WindowsPowerShell\v1.0\Modules
VBOX_MSI_INSTALL_PATH=C:\Program Files\Oracle\VirtualBox\
USERNAME=sulag
PROCESSOR_ARCHITEW6432=AMD64
FPS_BROWSER_APP_PROFILE_STRING=Internet Explorer
PROCESSOR_ARCHITECTURE=x86
OS=Windows_NT
ComSpec=C:\WINDOWS\system32\cmd.exe
SystemDrive=C:
windir=C:\WINDOWS
OneDriveConsumer=C:\Users\sulag\OneDrive
ALLUSERSPROFILE=C:\ProgramData


------------
Diagnostic: File system
Skipped: False
Success: True
Exception: None
Log:
Temporary directory is 'C:\Users\sulag\AppData\Local\Temp\'...
Checking basic file I/O...
Writing to temporary file 'C:\Users\sulag\AppData\Local\Temp\d0b641b987ab42b8fdbcafdc'... OK
Reading from temporary file 'C:\Users\sulag\AppData\Local\Temp\d0b641b987ab42b8fdbcafdc'... OK
Deleting temporary file 'C:\Users\sulag\AppData\Local\Temp\d0b641b987ab42b8fdbcafdc'... OK
Testing IFileSystem instance...
UserHomePath: C:\Users\sulag
UserDataDirectoryPath: C:\Users\sulag\.gcm
GetCurrentDirectory(): C:\Users\sulag\memory-book

------------
Diagnostic: Networking
Skipped: False
Success: True
Exception: None
Log:
Checking basic networking and HTTP stack...
Creating HTTP client... OK
IsNetworkAvailable: True
Sending HEAD request to http://example.com... OK
Sending HEAD request to https://example.com... OK
Acquiring free TCP port... OK
Testing local HTTP loopback connections...
Creating new HTTP listener for http://localhost:57119/... OK
Waiting for loopback connection... OK
Writing response... OK
Waiting for response data... OK
Loopback connection data OK
Testing with IHttpClientFactory created HTTP client...
Creating HTTP client... OK
IsNetworkAvailable: True
Sending HEAD request to http://example.com... OK
Sending HEAD request to https://example.com... OK
Acquiring free TCP port... OK
Testing local HTTP loopback connections...
Creating new HTTP listener for http://localhost:57121/... OK
Waiting for loopback connection... OK
Writing response... OK
Waiting for response data... OK
Loopback connection data OK

------------
Diagnostic: Git
Skipped: False
Success: True
Exception: None
Log:
Getting Git version... OK
Git version is '2.38.1.windows.1'
Locating current repository... OK
Git repository at 'C:/Users/sulag/memory-book/.git'
Listing all Git configuration... OK
Git configuration:
file:C:/Program Files/Git/etc/gitconfig	diff.astextplain.textconv=astextplain
file:C:/Program Files/Git/etc/gitconfig	filter.lfs.clean=git-lfs clean -- %f
file:C:/Program Files/Git/etc/gitconfig	filter.lfs.smudge=git-lfs smudge -- %f
file:C:/Program Files/Git/etc/gitconfig	filter.lfs.process=git-lfs filter-process
file:C:/Program Files/Git/etc/gitconfig	filter.lfs.required=true
file:C:/Program Files/Git/etc/gitconfig	http.sslbackend=openssl
file:C:/Program Files/Git/etc/gitconfig	http.sslcainfo=C:/Program Files/Git/mingw64/ssl/certs/ca-bundle.crt
file:C:/Program Files/Git/etc/gitconfig	core.autocrlf=true
file:C:/Program Files/Git/etc/gitconfig	core.fscache=true
file:C:/Program Files/Git/etc/gitconfig	core.symlinks=false
file:C:/Program Files/Git/etc/gitconfig	pull.rebase=false
file:C:/Program Files/Git/etc/gitconfig	credential.helper=manager-core
file:C:/Program Files/Git/etc/gitconfig	credential.https://dev.azure.com.usehttppath=true
file:C:/Program Files/Git/etc/gitconfig	init.defaultbranch=master
file:C:/Users/sulag/.gitconfig	user.email=sulagna.dc.2023@gmail.com
file:C:/Users/sulag/.gitconfig	user.name=Sulagna2023
file:C:/Users/sulag/.gitconfig	user.password=Dec@20019432391819
file:C:/Users/sulag/.gitconfig	credential.helper=manager-core
file:.git/config	core.repositoryformatversion=0
file:.git/config	core.filemode=false
file:.git/config	core.bare=false
file:.git/config	core.logallrefupdates=true
file:.git/config	core.symlinks=false
file:.git/config	core.ignorecase=true
file:.git/config	remote.origin.url=https://github.com/Sulagna02/memory-book.git
file:.git/config	remote.origin.fetch=+refs/heads/*:refs/remotes/origin/*
file:.git/config	branch.main.remote=origin
file:.git/config	branch.main.merge=refs/heads/main


------------
Diagnostic: Credential storage
Skipped: False
Success: True
Exception: None
Log:
ICredentialStore instance is of type: CredentialStore
Writing test credential... OK
Reading test credential... OK
Deleting test credential... OK

------------
Diagnostic: Microsoft authentication (AAD/MSA)
Skipped: False
Success: True
Exception: None
Log:
Broker not supported.
Flow type is: Auto
Gathering MSAL token cache data... OK
CacheDirectory: C:\Users\sulag\AppData\Local\.IdentityService
CacheFileName: msal.cache
CacheFilePath: C:\Users\sulag\AppData\Local\.IdentityService\msal.cache
Creating cache helper... OK
Verifying MSAL token cache persistence... OK

------------
Diagnostic: GitHub API
Skipped: False
Success: True
Exception: None
Log:
Using 'https://github.com/' as API target.
Querying '/meta' endpoint... OK

